Started by user [8mha:////4CPWpnZdWkXA322YZVhlJo14XK7AyYzie2iykUnxjdicAAAApR+LCAAAAAAAAP9b85aBtbiIQTGjNKU4P08vOT+vOD8nVc83PyU1x6OyILUoJzMv2y+/JJUBAhiZGBgqihhk0NSjKDWzXb3RdlLBUSYGJk8GtpzUvPSSDB8G5tKinBIGIZ+sxLJE/ZzEvHT94JKizLx0a6BxUmjGOUNodHsLgAyBEgZJ/dLi1CL9xMzijPLEosrExNKS/NzEksz8PAA6qCYTzgAAAA==[0mAishwarya Angadi
Running as SYSTEM
Building in workspace C:\Users\aishwaryaa\eclipse-workspace\DemoBlazeProject
[DemoBlazeProject] $ cmd.exe /C "C:\Users\aishwaryaa\.jenkins\tools\hudson.tasks.Maven_MavenInstallation\TestMaven\bin\mvn.cmd mvn clean && exit %%ERRORLEVEL%%"
[INFO] Scanning for projects...
[INFO] 
[INFO] -----------------< DemoBlazeProject:DemoBlazeProject >------------------
[INFO] Building DemoBlazeProject 0.0.1-SNAPSHOT
[INFO]   from pom.xml
[INFO] --------------------------------[ jar ]---------------------------------
[INFO] ------------------------------------------------------------------------
[INFO] BUILD FAILURE
[INFO] ------------------------------------------------------------------------
[INFO] Total time:  0.083 s
[INFO] Finished at: 2024-02-02T13:46:12+05:30
[INFO] ------------------------------------------------------------------------
[8mha:////4CJvUlB2/xtC7e+YgSLF7pz9cx3WnS8gzvlQrhYDFpeYAAAAYB+LCAAAAAAAAP9b85aBtbiIQSmjNKU4P0+vJLE4u1gvPjexLDVPzxdEuhYV5Rf55Zek1m9pfpLfVWLNxMBQUcQgBdWQnJ9XnJ+TqucMoUEKGSCAEaSwAABqVhoSYAAAAA==[0m[ERROR] Unknown lifecycle phase "mvn". You must specify a valid lifecycle phase or a goal in the format <plugin-prefix>:<goal> or <plugin-group-id>:<plugin-artifact-id>[:<plugin-version>]:<goal>. Available lifecycle phases are: pre-clean, clean, post-clean, validate, initialize, generate-sources, process-sources, generate-resources, process-resources, compile, process-classes, generate-test-sources, process-test-sources, generate-test-resources, process-test-resources, test-compile, process-test-classes, test, prepare-package, package, pre-integration-test, integration-test, post-integration-test, verify, install, deploy, pre-site, site, post-site, site-deploy. -> [Help 1]
[8mha:////4CJvUlB2/xtC7e+YgSLF7pz9cx3WnS8gzvlQrhYDFpeYAAAAYB+LCAAAAAAAAP9b85aBtbiIQSmjNKU4P0+vJLE4u1gvPjexLDVPzxdEuhYV5Rf55Zek1m9pfpLfVWLNxMBQUcQgBdWQnJ9XnJ+TqucMoUEKGSCAEaSwAABqVhoSYAAAAA==[0m[ERROR] 
[8mha:////4CJvUlB2/xtC7e+YgSLF7pz9cx3WnS8gzvlQrhYDFpeYAAAAYB+LCAAAAAAAAP9b85aBtbiIQSmjNKU4P0+vJLE4u1gvPjexLDVPzxdEuhYV5Rf55Zek1m9pfpLfVWLNxMBQUcQgBdWQnJ9XnJ+TqucMoUEKGSCAEaSwAABqVhoSYAAAAA==[0m[ERROR] To see the full stack trace of the errors, re-run Maven with the -e switch.
[8mha:////4CJvUlB2/xtC7e+YgSLF7pz9cx3WnS8gzvlQrhYDFpeYAAAAYB+LCAAAAAAAAP9b85aBtbiIQSmjNKU4P0+vJLE4u1gvPjexLDVPzxdEuhYV5Rf55Zek1m9pfpLfVWLNxMBQUcQgBdWQnJ9XnJ+TqucMoUEKGSCAEaSwAABqVhoSYAAAAA==[0m[ERROR] Re-run Maven using the -X switch to enable full debug logging.
[8mha:////4CJvUlB2/xtC7e+YgSLF7pz9cx3WnS8gzvlQrhYDFpeYAAAAYB+LCAAAAAAAAP9b85aBtbiIQSmjNKU4P0+vJLE4u1gvPjexLDVPzxdEuhYV5Rf55Zek1m9pfpLfVWLNxMBQUcQgBdWQnJ9XnJ+TqucMoUEKGSCAEaSwAABqVhoSYAAAAA==[0m[ERROR] 
[8mha:////4CJvUlB2/xtC7e+YgSLF7pz9cx3WnS8gzvlQrhYDFpeYAAAAYB+LCAAAAAAAAP9b85aBtbiIQSmjNKU4P0+vJLE4u1gvPjexLDVPzxdEuhYV5Rf55Zek1m9pfpLfVWLNxMBQUcQgBdWQnJ9XnJ+TqucMoUEKGSCAEaSwAABqVhoSYAAAAA==[0m[ERROR] For more information about the errors and possible solutions, please read the following articles:
[8mha:////4CJvUlB2/xtC7e+YgSLF7pz9cx3WnS8gzvlQrhYDFpeYAAAAYB+LCAAAAAAAAP9b85aBtbiIQSmjNKU4P0+vJLE4u1gvPjexLDVPzxdEuhYV5Rf55Zek1m9pfpLfVWLNxMBQUcQgBdWQnJ9XnJ+TqucMoUEKGSCAEaSwAABqVhoSYAAAAA==[0m[ERROR] [Help 1] http://cwiki.apache.org/confluence/display/MAVEN/LifecyclePhaseNotFoundException
Build step 'Invoke top-level Maven targets' marked build as failure
TestNG Reports Processing: START
Looking for TestNG results report in workspace using pattern: **/testng-results.xml
testng-results.xml was last modified before this build started. Ignoring it.
Saving reports...
Found matching files but did not find any TestNG results.
Finished: FAILURE
